#
# An unexpected error has been detected by Java Runtime Environment:
#
#  EXCEPTION_ACCESS_VIOLATION (0xc0000005) at pc=0x6d81da17, pid=2664, tid=2712
#
# Java VM: Java HotSpot(TM) Client VM (1.7.0-ea-b19 mixed mode windows-x86)
# Problematic frame:
# V  [jvm.dll+0x5da17]
#
# If you would like to submit a bug report, please visit:
#   http://java.sun.com/webapps/bugreport/crash.jsp
#

---------------  T H R E A D  ---------------

Current thread (0x01655000):  VMThread [stack: 0x0b720000,0x0b770000] [id=2712]

siginfo: ExceptionCode=0xc0000005, reading address 0x07190525

Registers:
EAX=0x014cfda8, EBX=0x014cfde4, ECX=0x07190519, EDX=0x6d999fd8
ESP=0x0b76f7b0, EBP=0x014ce050, ESI=0x07867c40, EDI=0x07867c40
EIP=0x6d81da17, EFLAGS=0x00010293

Top of Stack: (sp=0x0b76f7b0)
0x0b76f7b0:   07867c40 07867c40 6d9432b0 6d7de1fb
0x0b76f7c0:   07867c40 0b76f808 0b76f808 00000002
0x0b76f7d0:   014cd770 6d86ecf1 07867f84 014cdea8
0x0b76f7e0:   6d86eac1 014cfda8 6d83e373 0b76f808
0x0b76f7f0:   00000000 014cd7c8 07867f84 6d86e8d7
0x0b76f800:   0b76f808 00000000 6d9a26c0 07867f84
0x0b76f810:   00000000 6d869583 07867f84 07867f84
0x0b76f820:   00000000 0b76f938 00000000 6d9045d3 

Instructions: (pc=0x6d81da17)
0x6d81da07:   cc cc cc cc cc cc cc cc cc 51 56 8b f1 8b 4e 04
0x6d81da17:   8b 51 0c 83 c1 08 8b c2 c1 f8 02 85 d2 89 54 24 


Stack: [0x0b720000,0x0b770000],  sp=0x0b76f7b0,  free space=317k
Native frames: (J=compiled Java code, j=interpreted, Vv=VM code, C=native code)
V  [jvm.dll+0x5da17]

VM_Operation (0x003bfa18): GenCollectForAllocation, mode: safepoint, requested by thread 0x014c9400


---------------  P R O C E S S  ---------------

Java Threads: ( => current thread )
  0x01698000 JavaThread "Unknown thread" [_thread_blocked, id=4712, stack(0x0bad0000,0x0bb20000)]
  0x01692800 JavaThread "Unknown thread" [_thread_blocked, id=6000, stack(0x0ba80000,0x0bad0000)]
  0x01691400 JavaThread "Unknown thread" [_thread_in_native, id=5124, stack(0x0b9d0000,0x0ba20000)]
  0x01687000 JavaThread "Unknown thread" [_thread_blocked, id=1044, stack(0x0b980000,0x0b9d0000)]
  0x01684000 JavaThread "Unknown thread" [_thread_blocked, id=4232, stack(0x0b910000,0x0b960000)]
  0x01678400 JavaThread "Unknown thread" [_thread_blocked, id=3336, stack(0x0b860000,0x0b8b0000)]
  0x01675c00 JavaThread "Unknown thread" [_thread_blocked, id=4000, stack(0x0b810000,0x0b860000)]
  0x0165b000 JavaThread "Unknown thread" [_thread_blocked, id=4972, stack(0x0b7c0000,0x0b810000)]
  0x01659c00 JavaThread "Unknown thread" [_thread_blocked, id=3984, stack(0x0b770000,0x0b7c0000)]
  0x014c9400 JavaThread "main" [_thread_blocked, id=4636, stack(0x00370000,0x003c0000)]

Other Threads:
=>0x01655000 VMThread [stack: 0x0b720000,0x0b770000] [id=2712]
  0x016a1800 WatcherThread [stack: 0x0bba0000,0x0bbf0000] [id=4792]

VM state:at safepoint (normal execution)

VM Mutex/Monitor currently owned by a thread:  ([mutex/lock_event])
[0x014c7930] UNKNOWN - owner thread: 0x01655000
[0x014c7d90] UNKNOWN - owner thread: 0x014c9400

Heap
 def new generation   total 960K, used 8K [0x036d0000, 0x037d0000, 0x03bb0000)
  eden space 896K,   0% used [0x036d0000, 0x036d0000, 0x037b0000)
  from space 64K,  13% used [0x037c0000, 0x037c21b8, 0x037d0000)
  to   space 64K,   0% used [0x037b0000, 0x037b0000, 0x037c0000)
 tenured generation   total 9220K, used 5941K [0x03bb0000, 0x044b1000, 0x076d0000)
   the space 9220K,  64% used [0x03bb0000, 0x0417d408, 0x03c56e00, 0x044b1000)
 compacting perm gen  total 12288K, used 6886K [0x076d0000, 0x082d0000, 0x0b6d0000)
   the space 12288K,  56% used [0x076d0000, 0x07d89998, 0x07d82600, 0x082d0000)
No shared spaces configured.

Dynamic libraries:
0x00400000 - 0x00422000 	C:\Program Files\Java\jre1.7.0\bin\javaw.exe
0x77800000 - 0x7793c000 	C:\Windows\SYSTEM32\ntdll.dll
0x77560000 - 0x77634000 	C:\Windows\system32\kernel32.dll
0x75a10000 - 0x75a5b000 	C:\Windows\system32\KERNELBASE.dll
0x75dc0000 - 0x75e60000 	C:\Windows\system32\ADVAPI32.dll
0x76d90000 - 0x76e3c000 	C:\Windows\system32\msvcrt.dll
0x77a10000 - 0x77a29000 	C:\Windows\SYSTEM32\sechost.dll
0x76ff0000 - 0x77091000 	C:\Windows\system32\RPCRT4.dll
0x75ca0000 - 0x75d69000 	C:\Windows\system32\USER32.dll
0x76ba0000 - 0x76bee000 	C:\Windows\system32\GDI32.dll
0x75c90000 - 0x75c9a000 	C:\Windows\system32\LPK.dll
0x77970000 - 0x77a0e000 	C:\Windows\system32\USP10.dll
0x75e60000 - 0x75e7f000 	C:\Windows\system32\IMM32.DLL
0x76ad0000 - 0x76b9c000 	C:\Windows\system32\MSCTF.dll
0x7c340000 - 0x7c396000 	C:\Program Files\Java\jre1.7.0\bin\msvcr71.dll
0x6d7c0000 - 0x6da13000 	C:\Program Files\Java\jre1.7.0\bin\client\jvm.dll
0x73e70000 - 0x73ea2000 	C:\Windows\system32\WINMM.dll
0x758c0000 - 0x7590b000 	C:\Windows\system32\apphelp.dll
0x6d210000 - 0x6d218000 	C:\Program Files\Java\jre1.7.0\bin\hpi.dll
0x77950000 - 0x77955000 	C:\Windows\system32\PSAPI.DLL
0x6d2f0000 - 0x6d319000 	C:\Program Files\Java\jre1.7.0\bin\jdwp.dll
0x6d680000 - 0x6d686000 	C:\Program Files\Java\jre1.7.0\bin\npt.dll
0x6d770000 - 0x6d77c000 	C:\Program Files\Java\jre1.7.0\bin\verify.dll
0x6d2a0000 - 0x6d2bf000 	C:\Program Files\Java\jre1.7.0\bin\java.dll
0x6d7b0000 - 0x6d7bf000 	C:\Program Files\Java\jre1.7.0\bin\zip.dll
0x6d1b0000 - 0x6d1b7000 	C:\Program Files\Java\jre1.7.0\bin\dt_socket.dll
0x77130000 - 0x77165000 	C:\Windows\system32\WS2_32.dll
0x77960000 - 0x77966000 	C:\Windows\system32\NSI.dll
0x73d30000 - 0x73d40000 	C:\Windows\system32\NLAapi.dll
0x75400000 - 0x7543c000 	C:\Windows\System32\mswsock.dll
0x752c0000 - 0x75304000 	C:\Windows\system32\DNSAPI.dll
0x71f30000 - 0x71f38000 	C:\Windows\System32\winrnr.dll
0x71f20000 - 0x71f30000 	C:\Windows\system32\napinsp.dll
0x71f00000 - 0x71f12000 	C:\Windows\system32\pnrpnsp.dll
0x71ef0000 - 0x71efd000 	C:\Windows\system32\wshbth.dll
0x73230000 - 0x7324c000 	C:\Windows\system32\IPHLPAPI.DLL
0x73220000 - 0x73227000 	C:\Windows\system32\WINNSI.DLL
0x73010000 - 0x73048000 	C:\Windows\System32\fwpuclnt.dll
0x71ee0000 - 0x71ee6000 	C:\Windows\system32\rasadhlp.dll
0x74f20000 - 0x74f25000 	C:\Windows\System32\wshtcpip.dll
0x75440000 - 0x75456000 	C:\Windows\system32\CRYPTSP.dll
0x751e0000 - 0x7521b000 	C:\Windows\system32\rsaenh.dll
0x74ff0000 - 0x75007000 	C:\Windows\system32\USERENV.dll
0x75990000 - 0x7599b000 	C:\Windows\system32\profapi.dll
0x75910000 - 0x7591c000 	C:\Windows\system32\CRYPTBASE.dll
0x6d530000 - 0x6d546000 	C:\Program Files\Java\jre1.7.0\bin\net.dll
0x753f0000 - 0x753f6000 	C:\Windows\System32\wship6.dll

VM Arguments:
jvm_args: -agentlib:jdwp=transport=dt_socket,suspend=y,address=localhost:1078 -Dfile.encoding=Cp1252 
java_command: com.etp.Controller
Launcher Type: SUN_STANDARD

Environment Variables:
JAVA_HOME=C:\Program Files\Java\jdk1.7.0;
PATH=C:/Program Files/Java/jre1.7.0/bin/client;C:/Program Files/Java/jre1.7.0/bin;C:/Program Files/Java/jre1.7.0/lib/i386;C:\Program Files\AMD APP\bin\x86;C:\Windows\system32;C:\Windows;C:\Windows\System32\Wbem;C:\Windows\System32\WindowsPowerShell\v1.0\;C:\Program Files\ATI Technologies\ATI.ACE\Core-Static;C:\Program Files\Microsoft SQL Server\100\Tools\Binn\;C:\Program Files\Microsoft SQL Server\100\DTS\Binn\;C:\Program Files\Java\jdk1.7.0\bin;C:\Program Files\adt-bundle-windows-x86-32bit\adt-bundle-windows-x86-20131030\sdk\platform-tools;C:\Program Files\adt-bundle-windows-x86-32bit\adt-bundle-windows-x86-20131030\sdk\build-tools\android-4.4;;C:\eclipse;
USERNAME=Muzayyan
OS=Windows_NT
PROCESSOR_IDENTIFIER=x86 Family 18 Model 1 Stepping 0, AuthenticAMD



---------------  S Y S T E M  ---------------

OS: Windows NT 6.1 Build 7600 

CPU:total 2 (2 cores per cpu, 1 threads per core) family 18 model 1 stepping 0, cmov, cx8, fxsr, mmx, sse, sse2, sse3, mmxext, 3dnow, 3dnowext, sse4a

Memory: 4k page, physical 1549728k(704608k free), swap 3099456k(1785172k free)

vm_info: Java HotSpot(TM) Client VM (1.7.0-ea-b19) for windows-x86, built on Aug 30 2007 02:52:02 by "java_re" with unknown MS VC++:1310

time: Sun Nov 02 11:07:16 2014
elapsed time: 527 seconds

